{"name":"hexo","hostname":"jorycn-blog-2425423","pid":6961,"level":20,"msg":"Hexo version: \u001b[35m3.1.1\u001b[39m","time":"2016-01-20T11:45:58.495Z","v":0}
{"name":"hexo","hostname":"jorycn-blog-2425423","pid":6961,"level":20,"msg":"Working directory: \u001b[35m~/workspace/\u001b[39m","time":"2016-01-20T11:45:58.505Z","v":0}
{"name":"hexo","hostname":"jorycn-blog-2425423","pid":6961,"level":20,"msg":"Config loaded: \u001b[35m~/workspace/_config.yml\u001b[39m","time":"2016-01-20T11:45:58.823Z","v":0}
{"name":"hexo","hostname":"jorycn-blog-2425423","pid":6961,"level":20,"msg":"Plugin loaded: \u001b[35mhexo-deployer-git\u001b[39m","time":"2016-01-20T11:45:59.478Z","v":0}
{"name":"hexo","hostname":"jorycn-blog-2425423","pid":6961,"level":20,"msg":"Plugin loaded: \u001b[35mhexo-generator-category\u001b[39m","time":"2016-01-20T11:45:59.497Z","v":0}
{"name":"hexo","hostname":"jorycn-blog-2425423","pid":6961,"level":20,"msg":"Plugin loaded: \u001b[35mhexo-browsersync\u001b[39m","time":"2016-01-20T11:45:59.683Z","v":0}
{"name":"hexo","hostname":"jorycn-blog-2425423","pid":6961,"level":20,"msg":"Plugin loaded: \u001b[35mhexo-generator-archive\u001b[39m","time":"2016-01-20T11:45:59.695Z","v":0}
{"name":"hexo","hostname":"jorycn-blog-2425423","pid":6961,"level":20,"msg":"Plugin loaded: \u001b[35mhexo-generator-sitemap\u001b[39m","time":"2016-01-20T11:45:59.709Z","v":0}
{"name":"hexo","hostname":"jorycn-blog-2425423","pid":6961,"level":20,"msg":"Plugin loaded: \u001b[35mhexo-generator-index\u001b[39m","time":"2016-01-20T11:45:59.720Z","v":0}
{"name":"hexo","hostname":"jorycn-blog-2425423","pid":6961,"level":20,"msg":"Plugin loaded: \u001b[35mhexo-generator-feed\u001b[39m","time":"2016-01-20T11:45:59.732Z","v":0}
{"name":"hexo","hostname":"jorycn-blog-2425423","pid":6961,"level":20,"msg":"Plugin loaded: \u001b[35mhexo-renderer-ejs\u001b[39m","time":"2016-01-20T11:45:59.746Z","v":0}
{"name":"hexo","hostname":"jorycn-blog-2425423","pid":6961,"level":20,"msg":"Plugin loaded: \u001b[35mhexo-generator-tag\u001b[39m","time":"2016-01-20T11:45:59.757Z","v":0}
{"name":"hexo","hostname":"jorycn-blog-2425423","pid":6961,"level":20,"msg":"Plugin loaded: \u001b[35mhexo-renderer-jade\u001b[39m","time":"2016-01-20T11:46:00.546Z","v":0}
{"name":"hexo","hostname":"jorycn-blog-2425423","pid":6961,"level":20,"msg":"Plugin loaded: \u001b[35mhexo-hey\u001b[39m","time":"2016-01-20T11:46:00.925Z","v":0}
{"name":"hexo","hostname":"jorycn-blog-2425423","pid":6961,"level":20,"msg":"Plugin loaded: \u001b[35mhexo-server\u001b[39m","time":"2016-01-20T11:46:01.326Z","v":0}
{"name":"hexo","hostname":"jorycn-blog-2425423","pid":6961,"level":20,"msg":"Plugin loaded: \u001b[35mhexo-renderer-marked\u001b[39m","time":"2016-01-20T11:46:01.606Z","v":0}
{"name":"hexo","hostname":"jorycn-blog-2425423","pid":6961,"level":20,"msg":"Plugin loaded: \u001b[35mhexo-renderer-stylus\u001b[39m","time":"2016-01-20T11:46:02.085Z","v":0}
{"name":"hexo","hostname":"jorycn-blog-2425423","pid":6961,"level":20,"msg":"Plugin loaded: \u001b[35mhexo-migrator-wordpress\u001b[39m","time":"2016-01-20T11:46:02.963Z","v":0}
{"name":"hexo","hostname":"jorycn-blog-2425423","pid":6961,"level":60,"msg":"Port 8080 has been used. Try other port instead.","time":"2016-01-20T11:46:02.979Z","v":0}
{"name":"hexo","hostname":"jorycn-blog-2425423","pid":6961,"level":60,"err":{"message":"listen EADDRINUSE 0.0.0.0:8080","name":"Error","stack":"Error: listen EADDRINUSE 0.0.0.0:8080\n    at Object.exports._errnoException (util.js:837:11)\n    at exports._exceptionWithHostPort (util.js:860:20)\n    at Server._listen2 (net.js:1231:14)\n    at listen (net.js:1267:10)\n    at net.js:1376:9\n    at doNTCallback3 (node.js:440:9)\n    at process._tickCallback (node.js:346:17)","code":"EADDRINUSE"},"msg":"Something's wrong. Maybe you can find the solution here: \u001b[4mhttp://hexo.io/docs/troubleshooting.html\u001b[24m","time":"2016-01-20T11:46:02.983Z","v":0}
{"name":"hexo","hostname":"jorycn-blog-2425423","pid":6961,"level":20,"msg":"Database saved","time":"2016-01-20T11:46:02.992Z","v":0}
